<?xml version="1.0" encoding="UTF-8"?>
<!-- Generated by org.testng.reporters.JUnitXMLReporter -->
<testsuite ignored="0" hostname="LAPTOP-7DR77JQF" failures="0" tests="3" name="Default test" time="8.829" errors="0" timestamp="2024-02-22T17:40:49 IST">
  <testcase classname="com.tests.TestCases" name="TestCase1" time="8.501"/>
  <testcase classname="com.tests.TestCases" name="TestCase2" time="0.009"/>
  <testcase classname="com.tests.TestCases" name="TestCase3" time="0.008"/>
</testsuite> <!-- Default test -->
