<?xml version="1.0" encoding="UTF-8"?>
<!-- Generated by org.testng.reporters.JUnitXMLReporter -->
<testsuite ignored="0" hostname="LAPTOP-7DR77JQF" failures="0" tests="3" name="Test" time="49.288" errors="0" timestamp="2024-03-01T17:03:54 IST">
  <testcase classname="com.tests.TestCases" name="TestCase1" time="48.883"/>
  <testcase classname="com.tests.TestCases" name="TestCase2" time="0.004"/>
  <testcase classname="com.tests.TestCases" name="TestCase3" time="0.001"/>
</testsuite> <!-- Test -->
